<?xml version="1.0" encoding="UTF-8"?>
<!-- Generated by org.testng.reporters.JUnitReportReporter -->
<testsuite hostname="UMA112" failures="0" tests="6" name="calculator.StringCalculatorShould" time="0.044" errors="0" timestamp="2021-10-17T12:00:56 IST" skipped="0">
  <testcase classname="calculator.StringCalculatorShould" name="Numbers_semicol_Delimited_ReturnsSum" time="0.006"/>
  <system-out/>
  <testcase classname="calculator.StringCalculatorShould" name="amountofNumbers_CommaDelimited_ReturnsSum" time="0.005"/>
  <system-out/>
  <testcase classname="calculator.StringCalculatorShould" name="Numbers_NewLine_Delimited_ReturnsSum" time="0.022"/>
  <system-out/>
  <testcase classname="calculator.StringCalculatorShould" name="string_with_single_number_should_return_number_as_int" time="0.003"/>
  <system-out/>
  <testcase classname="calculator.StringCalculatorShould" name="empty_string_should_return_0" time="0.007"/>
  <system-out/>
  <testcase classname="calculator.StringCalculatorShould" name="twoNumbers_Comma_Delimited_Returns_Sum" time="0.001"/>
  <system-out/>
</testsuite> <!-- calculator.StringCalculatorShould -->
